<?xml version="1.0" encoding="UTF-8"?>
<testsuite name="smoke"
           tests="2"
           failures="0"
           errors="0"
           skipped="0"
           time="2.095">
  <properties />
  
  
            <testcase name="userShouldNavigateToLoginPageSuccessFully" time="0.763" classname="com.nopcommerce.demo.testsuite.LoginPageTest" />
                <testcase name="verifyTheErrorMessageWithInValidCredentials" time="1.332" classname="com.nopcommerce.demo.testsuite.LoginPageTest" />
      
</testsuite>
